# JRE version: Java(TM) SE Runtime Environment (21.0.5+9) (build 21.0.5+9-LTS-239)
# Java VM: Java HotSpot(TM) 64-Bit Server VM (21.0.5+9-LTS-239, mixed mode, sharing, tiered, compressed oops, compressed class ptrs, g1 gc, windows-amd64)
GC Precious Log:
 CardTable entry size: 512
 Card Set container configuration: InlinePtr #cards 4 size 8 Array Of Cards #cards 16 size 48 Howl #buckets 8 coarsen threshold 3686 Howl Bitmap #cards 512 size 80 coarsen threshold 460 Card regions per heap region 1 cards per card region 4096
 CPUs: 12 total, 12 available
 Memory: 7930M
 Large Page Support: Disabled
 NUMA Support: Disabled
 Compressed Oops: Enabled (Zero based)
 Heap Region Size: 2M
 Heap Min Capacity: 8M
 Heap Initial Capacity: 124M
 Heap Max Capacity: 4G
 Pre-touch: Disabled
 Parallel Workers: 10
 Concurrent Workers: 3
 Concurrent Refinement Workers: 10
 Periodic GC: Disabled
Heap:
 garbage-first heap   total 176128K, used 115263K [0x0000000700000000, 0x0000000800000000)
  region size 2048K, 3 young (6144K), 3 survivors (6144K)
 Metaspace       used 93064K, committed 95296K, reserved 1179648K
  class space    used 12906K, committed 14016K, reserved 1048576K
GC Heap History (20 events):
Event: 26.055 GC heap after
{Heap after GC invocations=18 (full 0):
 garbage-first heap   total 131072K, used 65663K [0x0000000700000000, 0x0000000800000000)
  region size 2048K, 4 young (8192K), 4 survivors (8192K)
 Metaspace       used 64052K, committed 65920K, reserved 1114112K
  class space    used 8941K, committed 9856K, reserved 1048576K
}
Event: 26.443 GC heap before
{Heap before GC invocations=18 (full 0):
 garbage-first heap   total 131072K, used 108671K [0x0000000700000000, 0x0000000800000000)
  region size 2048K, 26 young (53248K), 4 survivors (8192K)
 Metaspace       used 66550K, committed 68480K, reserved 1114112K
  class space    used 9275K, committed 10240K, reserved 1048576K
}
Event: 26.450 GC heap after
{Heap after GC invocations=19 (full 0):
 garbage-first heap   total 131072K, used 68688K [0x0000000700000000, 0x0000000800000000)
  region size 2048K, 2 young (4096K), 2 survivors (4096K)
 Metaspace       used 66550K, committed 68480K, reserved 1114112K
  class space    used 9275K, committed 10240K, reserved 1048576K
}
Event: 27.103 GC heap before
{Heap before GC invocations=19 (full 0):
 garbage-first heap   total 131072K, used 113744K [0x0000000700000000, 0x0000000800000000)
  region size 2048K, 24 young (49152K), 2 survivors (4096K)
 Metaspace       used 68885K, committed 70784K, reserved 1114112K
  class space    used 9566K, committed 10496K, reserved 1048576K
}
Event: 27.109 GC heap after
{Heap after GC invocations=20 (full 0):
 garbage-first heap   total 157696K, used 73559K [0x0000000700000000, 0x0000000800000000)
  region size 2048K, 3 young (6144K), 3 survivors (6144K)
 Metaspace       used 68885K, committed 70784K, reserved 1114112K
  class space    used 9566K, committed 10496K, reserved 1048576K
}
Event: 27.984 GC heap before
{Heap before GC invocations=21 (full 0):
 garbage-first heap   total 157696K, used 134999K [0x0000000700000000, 0x0000000800000000)
  region size 2048K, 34 young (69632K), 3 survivors (6144K)
 Metaspace       used 73643K, committed 75712K, reserved 1114112K
  class space    used 10283K, committed 11328K, reserved 1048576K
}
Event: 27.988 GC heap after
{Heap after GC invocations=22 (full 0):
 garbage-first heap   total 157696K, used 75450K [0x0000000700000000, 0x0000000800000000)
  region size 2048K, 4 young (8192K), 4 survivors (8192K)
 Metaspace       used 73643K, committed 75712K, reserved 1114112K
  class space    used 10283K, committed 11328K, reserved 1048576K
}
Event: 29.065 GC heap before
{Heap before GC invocations=22 (full 0):
 garbage-first heap   total 157696K, used 136890K [0x0000000700000000, 0x0000000800000000)
  region size 2048K, 34 young (69632K), 4 survivors (8192K)
 Metaspace       used 78589K, committed 80704K, reserved 1179648K
  class space    used 11035K, committed 12096K, reserved 1048576K
}
Event: 29.100 GC heap after
{Heap after GC invocations=23 (full 0):
 garbage-first heap   total 157696K, used 78399K [0x0000000700000000, 0x0000000800000000)
  region size 2048K, 3 young (6144K), 3 survivors (6144K)
 Metaspace       used 78589K, committed 80704K, reserved 1179648K
  class space    used 11035K, committed 12096K, reserved 1048576K
}
Event: 30.769 GC heap before
{Heap before GC invocations=23 (full 0):
 garbage-first heap   total 157696K, used 139839K [0x0000000700000000, 0x0000000800000000)
  region size 2048K, 33 young (67584K), 3 survivors (6144K)
 Metaspace       used 84009K, committed 86144K, reserved 1179648K
  class space    used 11793K, committed 12864K, reserved 1048576K
}
Event: 30.786 GC heap after
{Heap after GC invocations=24 (full 0):
 garbage-first heap   total 157696K, used 82010K [0x0000000700000000, 0x0000000800000000)
  region size 2048K, 5 young (10240K), 5 survivors (10240K)
 Metaspace       used 84009K, committed 86144K, reserved 1179648K
  class space    used 11793K, committed 12864K, reserved 1048576K
}
Event: 34.405 GC heap before
{Heap before GC invocations=25 (full 0):
 garbage-first heap   total 157696K, used 135258K [0x0000000700000000, 0x0000000800000000)
  region size 2048K, 31 young (63488K), 5 survivors (10240K)
 Metaspace       used 87207K, committed 89408K, reserved 1179648K
  class space    used 12325K, committed 13440K, reserved 1048576K
}
Event: 34.568 GC heap after
{Heap after GC invocations=26 (full 0):
 garbage-first heap   total 157696K, used 87017K [0x0000000700000000, 0x0000000800000000)
  region size 2048K, 4 young (8192K), 4 survivors (8192K)
 Metaspace       used 87207K, committed 89408K, reserved 1179648K
  class space    used 12325K, committed 13440K, reserved 1048576K
}
Event: 35.226 GC heap before
{Heap before GC invocations=26 (full 0):
 garbage-first heap   total 157696K, used 136169K [0x0000000700000000, 0x0000000800000000)
  region size 2048K, 29 young (59392K), 4 survivors (8192K)
 Metaspace       used 87227K, committed 89408K, reserved 1179648K
  class space    used 12326K, committed 13440K, reserved 1048576K
}
Event: 35.252 GC heap after
{Heap after GC invocations=27 (full 0):
 garbage-first heap   total 157696K, used 89695K [0x0000000700000000, 0x0000000800000000)
  region size 2048K, 3 young (6144K), 3 survivors (6144K)
 Metaspace       used 87227K, committed 89408K, reserved 1179648K
  class space    used 12326K, committed 13440K, reserved 1048576K
}
Event: 36.620 GC heap before
{Heap before GC invocations=27 (full 0):
 garbage-first heap   total 157696K, used 116319K [0x0000000700000000, 0x0000000800000000)
  region size 2048K, 18 young (36864K), 3 survivors (6144K)
 Metaspace       used 88850K, committed 91008K, reserved 1179648K
  class space    used 12477K, committed 13568K, reserved 1048576K
}
Event: 36.635 GC heap after
{Heap after GC invocations=28 (full 0):
 garbage-first heap   total 157696K, used 90381K [0x0000000700000000, 0x0000000800000000)
  region size 2048K, 3 young (6144K), 3 survivors (6144K)
 Metaspace       used 88850K, committed 91008K, reserved 1179648K
  class space    used 12477K, committed 13568K, reserved 1048576K
}
Event: 38.050 GC heap before
{Heap before GC invocations=29 (full 0):
 garbage-first heap   total 167936K, used 139533K [0x0000000700000000, 0x0000000800000000)
  region size 2048K, 27 young (55296K), 3 survivors (6144K)
 Metaspace       used 90731K, committed 92992K, reserved 1179648K
  class space    used 12661K, committed 13760K, reserved 1048576K
}
Event: 38.169 GC heap after
{Heap after GC invocations=30 (full 0):
 garbage-first heap   total 169984K, used 112068K [0x0000000700000000, 0x0000000800000000)
  region size 2048K, 4 young (8192K), 4 survivors (8192K)
 Metaspace       used 90731K, committed 92992K, reserved 1179648K
  class space    used 12661K, committed 13760K, reserved 1048576K
}
Event: 39.226 GC heap before
{Heap before GC invocations=30 (full 0):
 garbage-first heap   total 169984K, used 157124K [0x0000000700000000, 0x0000000800000000)
  region size 2048K, 20 young (40960K), 4 survivors (8192K)
 Metaspace       used 93064K, committed 95296K, reserved 1179648K
  class space    used 12906K, committed 14016K, reserved 1048576K
}

