# JRE version: Java(TM) SE Runtime Environment (21.0.5+9) (build 21.0.5+9-LTS-239)
# Java VM: Java HotSpot(TM) 64-Bit Server VM (21.0.5+9-LTS-239, mixed mode, sharing, tiered, compressed oops, compressed class ptrs, g1 gc, windows-amd64)
GC Precious Log:
 CardTable entry size: 512
 Card Set container configuration: InlinePtr #cards 4 size 8 Array Of Cards #cards 16 size 48 Howl #buckets 8 coarsen threshold 3686 Howl Bitmap #cards 512 size 80 coarsen threshold 460 Card regions per heap region 1 cards per card region 4096
 CPUs: 12 total, 12 available
 Memory: 7930M
 Large Page Support: Disabled
 NUMA Support: Disabled
 Compressed Oops: Enabled (Zero based)
 Heap Region Size: 2M
 Heap Min Capacity: 8M
 Heap Initial Capacity: 124M
 Heap Max Capacity: 4G
 Pre-touch: Disabled
 Parallel Workers: 10
 Concurrent Workers: 3
 Concurrent Refinement Workers: 10
 Periodic GC: Disabled
Heap:
 garbage-first heap   total 122880K, used 73472K [0x0000000700000000, 0x0000000800000000)
  region size 2048K, 22 young (45056K), 4 survivors (8192K)
 Metaspace       used 53139K, committed 54848K, reserved 1114112K
  class space    used 7568K, committed 8448K, reserved 1048576K
GC Heap History (20 events):
Event: 0.306 GC heap before
{Heap before GC invocations=0 (full 0):
 garbage-first heap   total 126976K, used 20480K [0x0000000700000000, 0x0000000800000000)
  region size 2048K, 11 young (22528K), 0 survivors (0K)
 Metaspace       used 1084K, committed 1216K, reserved 1114112K
  class space    used 75K, committed 128K, reserved 1048576K
}
Event: 0.309 GC heap after
{Heap after GC invocations=1 (full 0):
 garbage-first heap   total 126976K, used 4896K [0x0000000700000000, 0x0000000800000000)
  region size 2048K, 2 young (4096K), 2 survivors (4096K)
 Metaspace       used 1084K, committed 1216K, reserved 1114112K
  class space    used 75K, committed 128K, reserved 1048576K
}
Event: 0.694 GC heap before
{Heap before GC invocations=1 (full 0):
 garbage-first heap   total 126976K, used 43808K [0x0000000700000000, 0x0000000800000000)
  region size 2048K, 19 young (38912K), 2 survivors (4096K)
 Metaspace       used 4290K, committed 4480K, reserved 1114112K
  class space    used 527K, committed 640K, reserved 1048576K
}
Event: 0.699 GC heap after
{Heap after GC invocations=2 (full 0):
 garbage-first heap   total 126976K, used 11974K [0x0000000700000000, 0x0000000800000000)
  region size 2048K, 2 young (4096K), 2 survivors (4096K)
 Metaspace       used 4290K, committed 4480K, reserved 1114112K
  class space    used 527K, committed 640K, reserved 1048576K
}
Event: 1.141 GC heap before
{Heap before GC invocations=2 (full 0):
 garbage-first heap   total 126976K, used 57030K [0x0000000700000000, 0x0000000800000000)
  region size 2048K, 25 young (51200K), 2 survivors (4096K)
 Metaspace       used 7283K, committed 7552K, reserved 1114112K
  class space    used 947K, committed 1024K, reserved 1048576K
}
Event: 1.146 GC heap after
{Heap after GC invocations=3 (full 0):
 garbage-first heap   total 126976K, used 18122K [0x0000000700000000, 0x0000000800000000)
  region size 2048K, 4 young (8192K), 4 survivors (8192K)
 Metaspace       used 7283K, committed 7552K, reserved 1114112K
  class space    used 947K, committed 1024K, reserved 1048576K
}
Event: 2.132 GC heap before
{Heap before GC invocations=3 (full 0):
 garbage-first heap   total 126976K, used 83658K [0x0000000700000000, 0x0000000800000000)
  region size 2048K, 37 young (75776K), 4 survivors (8192K)
 Metaspace       used 19341K, committed 19904K, reserved 1114112K
  class space    used 2736K, committed 3008K, reserved 1048576K
}
Event: 2.140 GC heap after
{Heap after GC invocations=4 (full 0):
 garbage-first heap   total 126976K, used 23701K [0x0000000700000000, 0x0000000800000000)
  region size 2048K, 3 young (6144K), 3 survivors (6144K)
 Metaspace       used 19341K, committed 19904K, reserved 1114112K
  class space    used 2736K, committed 3008K, reserved 1048576K
}
Event: 2.276 GC heap before
{Heap before GC invocations=4 (full 0):
 garbage-first heap   total 126976K, used 35989K [0x0000000700000000, 0x0000000800000000)
  region size 2048K, 10 young (20480K), 3 survivors (6144K)
 Metaspace       used 20823K, committed 21504K, reserved 1114112K
  class space    used 2987K, committed 3328K, reserved 1048576K
}
Event: 2.279 GC heap after
{Heap after GC invocations=5 (full 0):
 garbage-first heap   total 126976K, used 24312K [0x0000000700000000, 0x0000000800000000)
  region size 2048K, 3 young (6144K), 3 survivors (6144K)
 Metaspace       used 20823K, committed 21504K, reserved 1114112K
  class space    used 2987K, committed 3328K, reserved 1048576K
}
Event: 2.970 GC heap before
{Heap before GC invocations=6 (full 0):
 garbage-first heap   total 90112K, used 89848K [0x0000000700000000, 0x0000000800000000)
  region size 2048K, 35 young (71680K), 3 survivors (6144K)
 Metaspace       used 29294K, committed 30528K, reserved 1114112K
  class space    used 4348K, committed 4992K, reserved 1048576K
}
Event: 2.976 GC heap after
{Heap after GC invocations=7 (full 0):
 garbage-first heap   total 102400K, used 27680K [0x0000000700000000, 0x0000000800000000)
  region size 2048K, 3 young (6144K), 3 survivors (6144K)
 Metaspace       used 29294K, committed 30528K, reserved 1114112K
  class space    used 4348K, committed 4992K, reserved 1048576K
}
Event: 3.343 GC heap before
{Heap before GC invocations=7 (full 0):
 garbage-first heap   total 102400K, used 66592K [0x0000000700000000, 0x0000000800000000)
  region size 2048K, 24 young (49152K), 3 survivors (6144K)
 Metaspace       used 34702K, committed 35968K, reserved 1114112K
  class space    used 4906K, committed 5568K, reserved 1048576K
}
Event: 3.349 GC heap after
{Heap after GC invocations=8 (full 0):
 garbage-first heap   total 102400K, used 32695K [0x0000000700000000, 0x0000000800000000)
  region size 2048K, 4 young (8192K), 4 survivors (8192K)
 Metaspace       used 34702K, committed 35968K, reserved 1114112K
  class space    used 4906K, committed 5568K, reserved 1048576K
}
Event: 3.381 GC heap before
{Heap before GC invocations=8 (full 0):
 garbage-first heap   total 102400K, used 34743K [0x0000000700000000, 0x0000000800000000)
  region size 2048K, 6 young (12288K), 4 survivors (8192K)
 Metaspace       used 35021K, committed 36288K, reserved 1114112K
  class space    used 4968K, committed 5632K, reserved 1048576K
}
Event: 3.385 GC heap after
{Heap after GC invocations=9 (full 0):
 garbage-first heap   total 122880K, used 33024K [0x0000000700000000, 0x0000000800000000)
  region size 2048K, 3 young (6144K), 3 survivors (6144K)
 Metaspace       used 35021K, committed 36288K, reserved 1114112K
  class space    used 4968K, committed 5632K, reserved 1048576K
}
Event: 4.116 GC heap before
{Heap before GC invocations=10 (full 0):
 garbage-first heap   total 122880K, used 98560K [0x0000000700000000, 0x0000000800000000)
  region size 2048K, 36 young (73728K), 3 survivors (6144K)
 Metaspace       used 41430K, committed 42944K, reserved 1114112K
  class space    used 5886K, committed 6656K, reserved 1048576K
}
Event: 4.121 GC heap after
{Heap after GC invocations=11 (full 0):
 garbage-first heap   total 122880K, used 36034K [0x0000000700000000, 0x0000000800000000)
  region size 2048K, 4 young (8192K), 4 survivors (8192K)
 Metaspace       used 41430K, committed 42944K, reserved 1114112K
  class space    used 5886K, committed 6656K, reserved 1048576K
}
Event: 4.974 GC heap before
{Heap before GC invocations=11 (full 0):
 garbage-first heap   total 122880K, used 101570K [0x0000000700000000, 0x0000000800000000)
  region size 2048K, 36 young (73728K), 4 survivors (8192K)
 Metaspace       used 50145K, committed 51712K, reserved 1114112K
  class space    used 7179K, committed 7936K, reserved 1048576K
}
Event: 4.981 GC heap after
{Heap after GC invocations=12 (full 0):
 garbage-first heap   total 122880K, used 38656K [0x0000000700000000, 0x0000000800000000)
  region size 2048K, 4 young (8192K), 4 survivors (8192K)
 Metaspace       used 50145K, committed 51712K, reserved 1114112K
  class space    used 7179K, committed 7936K, reserved 1048576K
}

